TN:
SF:src\core\main.js
FN:4,(anonymous_0)
FN:8,(anonymous_1)
FNF:2
FNH:2
FNDA:4,(anonymous_0)
FNDA:4,(anonymous_1)
DA:1,1
DA:5,4
DA:9,4
DA:11,4
DA:12,2
DA:15,2
DA:18,2
DA:20,2
DA:37,2
DA:40,2
DA:45,1
LF:11
LH:11
BRDA:8,0,0,3
BRDA:11,1,0,2
BRDA:11,1,1,2
BRDA:18,2,0,2
BRDA:18,2,1,0
BRF:5
BRH:4
end_of_record
TN:
SF:src\utils\validator.js
FN:2,(anonymous_0)
FN:26,(anonymous_1)
FNF:2
FNH:2
FNDA:19,(anonymous_0)
FNDA:12,(anonymous_1)
DA:4,19
DA:5,3
DA:9,16
DA:12,16
DA:13,4
DA:17,12
DA:19,12
DA:20,3
DA:23,9
DA:28,12
DA:31,6
DA:34,6
DA:37,6
DA:41,6
DA:45,2
LF:15
LH:15
BRDA:4,0,0,3
BRDA:4,0,1,16
BRDA:12,1,0,4
BRDA:12,1,1,12
BRDA:12,2,0,16
BRDA:12,2,1,13
BRDA:19,3,0,3
BRDA:19,3,1,9
BRDA:28,4,0,6
BRDA:28,4,1,6
BRF:10
BRH:10
end_of_record
