TN:
SF:src\core\main.js
FN:7,(anonymous_0)
FN:22,(anonymous_1)
FNF:2
FNH:2
FNDA:6,(anonymous_0)
FNDA:5,(anonymous_1)
DA:1,1
DA:2,1
DA:3,1
DA:4,1
DA:9,6
DA:17,6
DA:18,1
DA:23,5
DA:25,5
DA:28,5
DA:31,5
DA:37,5
DA:38,5
DA:39,5
DA:42,5
DA:52,5
DA:68,0
DA:69,0
DA:74,1
LF:19
LH:17
BRDA:7,0,0,4
BRDA:17,1,0,1
BRDA:17,1,1,5
BRDA:22,2,0,2
BRDA:28,3,0,5
BRDA:28,3,1,0
BRF:6
BRH:5
end_of_record
TN:
SF:src\modules\competitor-analysis\index.js
FN:3,(anonymous_0)
FN:7,(anonymous_1)
FNF:2
FNH:2
FNDA:5,(anonymous_0)
FNDA:5,(anonymous_1)
DA:4,5
DA:9,5
DA:32,1
LF:3
LH:3
BRF:0
BRH:0
end_of_record
TN:
SF:src\modules\content-generator\index.js
FN:3,(anonymous_0)
FN:7,(anonymous_1)
FNF:2
FNH:2
FNDA:5,(anonymous_0)
FNDA:5,(anonymous_1)
DA:4,5
DA:8,5
DA:39,1
LF:3
LH:3
BRF:0
BRH:0
end_of_record
TN:
SF:src\modules\keyword-analyzer\index.js
FN:3,(anonymous_0)
FN:7,(anonymous_1)
FNF:2
FNH:2
FNDA:5,(anonymous_0)
FNDA:5,(anonymous_1)
DA:4,5
DA:9,5
DA:15,5
DA:21,5
DA:29,1
LF:5
LH:5
BRF:0
BRH:0
end_of_record
TN:
SF:src\utils\validator.js
FN:2,(anonymous_0)
FN:26,(anonymous_1)
FNF:2
FNH:2
FNDA:22,(anonymous_0)
FNDA:17,(anonymous_1)
DA:4,22
DA:5,3
DA:9,19
DA:12,19
DA:13,4
DA:17,15
DA:19,15
DA:20,3
DA:23,12
DA:28,17
DA:31,11
DA:34,11
DA:37,11
DA:41,11
DA:45,2
LF:15
LH:15
BRDA:4,0,0,3
BRDA:4,0,1,19
BRDA:12,1,0,4
BRDA:12,1,1,15
BRDA:12,2,0,19
BRDA:12,2,1,16
BRDA:19,3,0,3
BRDA:19,3,1,12
BRDA:28,4,0,6
BRDA:28,4,1,11
BRF:10
BRH:10
end_of_record
